<?xml version="1.0" encoding="UTF-8"?>
<!-- Generated by org.testng.reporters.JUnitReportReporter -->
<testsuite skipped="0" hostname="DESKTOP-ANJK2SU" name="base.PracticeTestNg" tests="2" failures="0" timestamp="02 Feb 2022 07:45:19 GMT" time="31.155" errors="0">
  <testcase name="tc2" time="6.649" classname="base.PracticeTestNg"/>
  <testcase name="tc1" time="24.506" classname="base.PracticeTestNg"/>
</testsuite> <!-- base.PracticeTestNg -->
